This file contains any messages produced by compilers while
running configure, to aid debugging if configure makes a mistake.

It was created by configure, which was
generated by GNU Autoconf 2.69.  Invocation command line was

  $ ./configure --enable-maintainer-mode

## --------- ##
## Platform. ##
## --------- ##

hostname = localhost.localdomain
uname -m = x86_64
uname -r = 3.7.6-201.fc18.x86_64
uname -s = Linux
uname -v = #1 SMP Mon Feb 4 15:54:08 UTC 2013

/usr/bin/uname -p = x86_64
/bin/uname -X     = unknown

/bin/arch              = x86_64
/usr/bin/arch -k       = unknown
/usr/convex/getsysinfo = unknown
/usr/bin/hostinfo      = unknown
/bin/machine           = unknown
/usr/bin/oslevel       = unknown
/bin/universe          = unknown

PATH: /sbin
PATH: /bin
PATH: /usr/sbin
PATH: /usr/bin


## ----------- ##
## Core tests. ##
## ----------- ##

configure:2331: checking for a BSD-compatible install
configure:2399: result: /bin/install -c
configure:2410: checking whether build environment is sane
configure:2465: result: yes
configure:2616: checking for a thread-safe mkdir -p
configure:2655: result: /bin/mkdir -p
configure:2662: checking for gawk
configure:2678: found /bin/gawk
configure:2689: result: gawk
configure:2700: checking whether make sets $(MAKE)
configure:2722: result: yes
configure:2827: checking whether to enable maintainer-specific portions of Makefiles
configure:2836: result: yes
configure:2870: checking for style of include used by make
configure:2898: result: GNU
configure:2969: checking for gcc
configure:2985: found /bin/gcc
configure:2996: result: gcc
configure:3225: checking for C compiler version
configure:3234: gcc --version >&5
gcc (GCC) 4.7.2 20121109 (Red Hat 4.7.2-8)
Copyright (C) 2012 Free Software Foundation, Inc.
This is free software; see the source for copying conditions.  There is NO
warranty; not even for MERCHANTABILITY or FITNESS FOR A PARTICULAR PURPOSE.

configure:3245: $? = 0
configure:3234: gcc -v >&5
Using built-in specs.
COLLECT_GCC=gcc
COLLECT_LTO_WRAPPER=/usr/libexec/gcc/x86_64-redhat-linux/4.7.2/lto-wrapper
Target: x86_64-redhat-linux
Configured with: ../configure --prefix=/usr --mandir=/usr/share/man --infodir=/usr/share/info --with-bugurl=http://bugzilla.redhat.com/bugzilla --enable-bootstrap --enable-shared --enable-threads=posix --enable-checking=release --disable-build-with-cxx --disable-build-poststage1-with-cxx --with-system-zlib --enable-__cxa_atexit --disable-libunwind-exceptions --enable-gnu-unique-object --enable-linker-build-id --with-linker-hash-style=gnu --enable-languages=c,c++,objc,obj-c++,java,fortran,ada,go,lto --enable-plugin --enable-initfini-array --enable-java-awt=gtk --disable-dssi --with-java-home=/usr/lib/jvm/java-1.5.0-gcj-1.5.0.0/jre --enable-libgcj-multifile --enable-java-maintainer-mode --with-ecj-jar=/usr/share/java/eclipse-ecj.jar --disable-libjava-multilib --with-ppl --with-cloog --with-tune=generic --with-arch_32=i686 --build=x86_64-redhat-linux
Thread model: posix
gcc version 4.7.2 20121109 (Red Hat 4.7.2-8) (GCC) 
configure:3245: $? = 0
configure:3234: gcc -V >&5
gcc: error: unrecognized command line option '-V'
gcc: fatal error: no input files
compilation terminated.
configure:3245: $? = 4
configure:3234: gcc -qversion >&5
gcc: error: unrecognized command line option '-qversion'
gcc: fatal error: no input files
compilation terminated.
configure:3245: $? = 4
configure:3265: checking whether the C compiler works
configure:3287: gcc    conftest.c  >&5
configure:3291: $? = 0
configure:3339: result: yes
configure:3342: checking for C compiler default output file name
configure:3344: result: a.out
configure:3350: checking for suffix of executables
configure:3357: gcc -o conftest    conftest.c  >&5
configure:3361: $? = 0
configure:3383: result: 
configure:3405: checking whether we are cross compiling
configure:3413: gcc -o conftest    conftest.c  >&5
configure:3417: $? = 0
configure:3424: ./conftest
configure:3428: $? = 0
configure:3443: result: no
configure:3448: checking for suffix of object files
configure:3470: gcc -c   conftest.c >&5
configure:3474: $? = 0
configure:3495: result: o
configure:3499: checking whether we are using the GNU C compiler
configure:3518: gcc -c   conftest.c >&5
configure:3518: $? = 0
configure:3527: result: yes
configure:3536: checking whether gcc accepts -g
configure:3556: gcc -c -g  conftest.c >&5
configure:3556: $? = 0
configure:3597: result: yes
configure:3614: checking for gcc option to accept ISO C89
configure:3677: gcc  -c -g -O2  conftest.c >&5
configure:3677: $? = 0
configure:3690: result: none needed
configure:3712: checking dependency style of gcc
configure:3823: result: none
configure:3844: checking how to run the C preprocessor
configure:3875: gcc -E  conftest.c
configure:3875: $? = 0
configure:3889: gcc -E  conftest.c
conftest.c:12:28: fatal error: ac_nonexistent.h: No such file or directory
compilation terminated.
configure:3889: $? = 1
configure: failed program was:
| /* confdefs.h */
| #define PACKAGE_NAME ""
| #define PACKAGE_TARNAME ""
| #define PACKAGE_VERSION ""
| #define PACKAGE_STRING ""
| #define PACKAGE_BUGREPORT ""
| #define PACKAGE_URL ""
| #define PACKAGE "mousetrap"
| #define VERSION "0.4"
| #define GETTEXT_PACKAGE "mousetrap"
| /* end confdefs.h.  */
| #include <ac_nonexistent.h>
configure:3914: result: gcc -E
configure:3934: gcc -E  conftest.c
configure:3934: $? = 0
configure:3948: gcc -E  conftest.c
conftest.c:12:28: fatal error: ac_nonexistent.h: No such file or directory
compilation terminated.
configure:3948: $? = 1
configure: failed program was:
| /* confdefs.h */
| #define PACKAGE_NAME ""
| #define PACKAGE_TARNAME ""
| #define PACKAGE_VERSION ""
| #define PACKAGE_STRING ""
| #define PACKAGE_BUGREPORT ""
| #define PACKAGE_URL ""
| #define PACKAGE "mousetrap"
| #define VERSION "0.4"
| #define GETTEXT_PACKAGE "mousetrap"
| /* end confdefs.h.  */
| #include <ac_nonexistent.h>
configure:3977: checking for grep that handles long lines and -e
configure:4035: result: /bin/grep
configure:4040: checking for egrep
configure:4102: result: /bin/grep -E
configure:4107: checking for ANSI C header files
configure:4127: gcc -c -g -O2  conftest.c >&5
configure:4127: $? = 0
configure:4200: gcc -o conftest -g -O2   conftest.c  >&5
configure:4200: $? = 0
configure:4200: ./conftest
configure:4200: $? = 0
configure:4211: result: yes
configure:4224: checking for sys/types.h
configure:4224: gcc -c -g -O2  conftest.c >&5
configure:4224: $? = 0
configure:4224: result: yes
configure:4224: checking for sys/stat.h
configure:4224: gcc -c -g -O2  conftest.c >&5
configure:4224: $? = 0
configure:4224: result: yes
configure:4224: checking for stdlib.h
configure:4224: gcc -c -g -O2  conftest.c >&5
configure:4224: $? = 0
configure:4224: result: yes
configure:4224: checking for string.h
configure:4224: gcc -c -g -O2  conftest.c >&5
configure:4224: $? = 0
configure:4224: result: yes
configure:4224: checking for memory.h
configure:4224: gcc -c -g -O2  conftest.c >&5
configure:4224: $? = 0
configure:4224: result: yes
configure:4224: checking for strings.h
configure:4224: gcc -c -g -O2  conftest.c >&5
configure:4224: $? = 0
configure:4224: result: yes
configure:4224: checking for inttypes.h
configure:4224: gcc -c -g -O2  conftest.c >&5
configure:4224: $? = 0
configure:4224: result: yes
configure:4224: checking for stdint.h
configure:4224: gcc -c -g -O2  conftest.c >&5
configure:4224: $? = 0
configure:4224: result: yes
configure:4224: checking for unistd.h
configure:4224: gcc -c -g -O2  conftest.c >&5
configure:4224: $? = 0
configure:4224: result: yes
configure:4239: checking locale.h usability
configure:4239: gcc -c -g -O2  conftest.c >&5
configure:4239: $? = 0
configure:4239: result: yes
configure:4239: checking locale.h presence
configure:4239: gcc -E  conftest.c
configure:4239: $? = 0
configure:4239: result: yes
configure:4239: checking for locale.h
configure:4239: result: yes
configure:4250: checking for LC_MESSAGES
configure:4266: gcc -o conftest -g -O2   conftest.c  >&5
configure:4266: $? = 0
configure:4274: result: yes
configure:4291: checking libintl.h usability
configure:4291: gcc -c -g -O2  conftest.c >&5
configure:4291: $? = 0
configure:4291: result: yes
configure:4291: checking libintl.h presence
configure:4291: gcc -E  conftest.c
configure:4291: $? = 0
configure:4291: result: yes
configure:4291: checking for libintl.h
configure:4291: result: yes
configure:4299: checking for ngettext in libc
configure:4317: gcc -o conftest -g -O2   conftest.c  >&5
configure:4317: $? = 0
configure:4326: result: yes
configure:4330: checking for dgettext in libc
configure:4348: gcc -o conftest -g -O2   conftest.c  >&5
configure:4348: $? = 0
configure:4357: result: yes
configure:4364: checking for bind_textdomain_codeset
configure:4364: gcc -o conftest -g -O2   conftest.c  >&5
configure:4364: $? = 0
configure:4364: result: yes
configure:4640: checking for msgfmt
configure:4667: result: /bin/msgfmt
configure:4678: checking for dcgettext
configure:4678: gcc -o conftest -g -O2   conftest.c   >&5
conftest.c:49:6: warning: conflicting types for built-in function 'dcgettext' [enabled by default]
configure:4678: $? = 0
configure:4678: result: yes
configure:4688: checking if msgfmt accepts -c
configure:4703: $MSGFMT -c -o /dev/null conftest.foo
configure:4706: $? = 0
configure:4708: result: yes
configure:4718: checking for gmsgfmt
configure:4749: result: /bin/msgfmt
configure:4759: checking for xgettext
configure:4786: result: /bin/xgettext
configure:4805: gcc -o conftest -g -O2   conftest.c   >&5
configure:4805: $? = 0
configure:4946: checking whether NLS is requested
configure:4955: result: yes
configure:4973: checking for intltool >= 0.40.0
configure:4975: result: 0.50.2 found
configure:4983: checking for intltool-update
configure:5001: found /bin/intltool-update
configure:5013: result: /bin/intltool-update
configure:5023: checking for intltool-merge
configure:5041: found /bin/intltool-merge
configure:5053: result: /bin/intltool-merge
configure:5063: checking for intltool-extract
configure:5081: found /bin/intltool-extract
configure:5093: result: /bin/intltool-extract
configure:5247: checking for xgettext
configure:5277: result: /bin/xgettext
configure:5287: checking for msgmerge
configure:5305: found /bin/msgmerge
configure:5317: result: /bin/msgmerge
configure:5327: checking for msgfmt
configure:5357: result: /bin/msgfmt
configure:5367: checking for gmsgfmt
configure:5398: result: /bin/msgfmt
configure:5418: checking for perl
configure:5436: found /bin/perl
configure:5448: result: /bin/perl
configure:5459: checking for perl >= 5.8.1
configure:5466: result: 5.16.2
configure:5470: checking for XML::Parser
configure:5473: result: ok
configure:5573: checking for gcc
configure:5600: result: gcc
configure:5829: checking for C compiler version
configure:5838: gcc --version >&5
gcc (GCC) 4.7.2 20121109 (Red Hat 4.7.2-8)
Copyright (C) 2012 Free Software Foundation, Inc.
This is free software; see the source for copying conditions.  There is NO
warranty; not even for MERCHANTABILITY or FITNESS FOR A PARTICULAR PURPOSE.

configure:5849: $? = 0
configure:5838: gcc -v >&5
Using built-in specs.
COLLECT_GCC=gcc
COLLECT_LTO_WRAPPER=/usr/libexec/gcc/x86_64-redhat-linux/4.7.2/lto-wrapper
Target: x86_64-redhat-linux
Configured with: ../configure --prefix=/usr --mandir=/usr/share/man --infodir=/usr/share/info --with-bugurl=http://bugzilla.redhat.com/bugzilla --enable-bootstrap --enable-shared --enable-threads=posix --enable-checking=release --disable-build-with-cxx --disable-build-poststage1-with-cxx --with-system-zlib --enable-__cxa_atexit --disable-libunwind-exceptions --enable-gnu-unique-object --enable-linker-build-id --with-linker-hash-style=gnu --enable-languages=c,c++,objc,obj-c++,java,fortran,ada,go,lto --enable-plugin --enable-initfini-array --enable-java-awt=gtk --disable-dssi --with-java-home=/usr/lib/jvm/java-1.5.0-gcj-1.5.0.0/jre --enable-libgcj-multifile --enable-java-maintainer-mode --with-ecj-jar=/usr/share/java/eclipse-ecj.jar --disable-libjava-multilib --with-ppl --with-cloog --with-tune=generic --with-arch_32=i686 --build=x86_64-redhat-linux
Thread model: posix
gcc version 4.7.2 20121109 (Red Hat 4.7.2-8) (GCC) 
configure:5849: $? = 0
configure:5838: gcc -V >&5
gcc: error: unrecognized command line option '-V'
gcc: fatal error: no input files
compilation terminated.
configure:5849: $? = 4
configure:5838: gcc -qversion >&5
gcc: error: unrecognized command line option '-qversion'
gcc: fatal error: no input files
compilation terminated.
configure:5849: $? = 4
configure:5853: checking whether we are using the GNU C compiler
configure:5881: result: yes
configure:5890: checking whether gcc accepts -g
configure:5951: result: yes
configure:5968: checking for gcc option to accept ISO C89
configure:6044: result: none needed
configure:6066: checking dependency style of gcc
configure:6177: result: none
configure:6193: checking for library containing strerror
configure:6224: gcc -o conftest -g -O2   conftest.c  >&5
configure:6224: $? = 0
configure:6241: result: none required
configure:6310: checking build system type
configure:6324: result: x86_64-unknown-linux-gnu
configure:6344: checking host system type
configure:6357: result: x86_64-unknown-linux-gnu
configure:6398: checking how to print strings
configure:6425: result: printf
configure:6446: checking for a sed that does not truncate output
configure:6510: result: /bin/sed
configure:6528: checking for fgrep
configure:6590: result: /bin/grep -F
configure:6625: checking for ld used by gcc
configure:6692: result: /bin/ld
configure:6699: checking if the linker (/bin/ld) is GNU ld
configure:6714: result: yes
configure:6726: checking for BSD- or MS-compatible name lister (nm)
configure:6775: result: /bin/nm -B
configure:6905: checking the name lister (/bin/nm -B) interface
configure:6912: gcc -c -g -O2  conftest.c >&5
configure:6915: /bin/nm -B "conftest.o"
configure:6918: output
0000000000000000 B some_variable
configure:6925: result: BSD nm
configure:6928: checking whether ln -s works
configure:6932: result: yes
configure:6940: checking the maximum length of command line arguments
configure:7070: result: 1572864
configure:7087: checking whether the shell understands some XSI constructs
configure:7097: result: yes
configure:7101: checking whether the shell understands "+="
configure:7107: result: yes
configure:7142: checking how to convert x86_64-unknown-linux-gnu file names to x86_64-unknown-linux-gnu format
configure:7182: result: func_convert_file_noop
configure:7189: checking how to convert x86_64-unknown-linux-gnu file names to toolchain format
configure:7209: result: func_convert_file_noop
configure:7216: checking for /bin/ld option to reload object files
configure:7223: result: -r
configure:7297: checking for objdump
configure:7313: found /bin/objdump
configure:7324: result: objdump
configure:7356: checking how to recognize dependent libraries
configure:7558: result: pass_all
configure:7643: checking for dlltool
configure:7673: result: no
configure:7703: checking how to associate runtime and link libraries
configure:7730: result: printf %s\n
configure:7790: checking for ar
configure:7806: found /bin/ar
configure:7817: result: ar
configure:7854: checking for archiver @FILE support
configure:7871: gcc -c -g -O2  conftest.c >&5
configure:7871: $? = 0
configure:7874: ar cru libconftest.a @conftest.lst >&5
configure:7877: $? = 0
configure:7882: ar cru libconftest.a @conftest.lst >&5
ar: conftest.o: No such file or directory
configure:7885: $? = 1
configure:7897: result: @
configure:7955: checking for strip
configure:7971: found /bin/strip
configure:7982: result: strip
configure:8054: checking for ranlib
configure:8070: found /bin/ranlib
configure:8081: result: ranlib
configure:8183: checking command to parse /bin/nm -B output from gcc object
configure:8303: gcc -c -g -O2  conftest.c >&5
configure:8306: $? = 0
configure:8310: /bin/nm -B conftest.o \| sed -n -e 's/^.*[ ]\([ABCDGIRSTW][ABCDGIRSTW]*\)[ ][ ]*\([_A-Za-z][_A-Za-z0-9]*\)$/\1 \2 \2/p' | sed '/ __gnu_lto/d' \> conftest.nm
configure:8313: $? = 0
configure:8379: gcc -o conftest -g -O2   conftest.c conftstm.o >&5
configure:8382: $? = 0
configure:8420: result: ok
configure:8457: checking for sysroot
configure:8487: result: no
configure:8564: gcc -c -g -O2  conftest.c >&5
configure:8567: $? = 0
configure:8743: checking for mt
configure:8773: result: no
configure:8793: checking if : is a manifest tool
configure:8799: : '-?'
configure:8807: result: no
configure:9446: checking for dlfcn.h
configure:9446: gcc -c -g -O2  conftest.c >&5
configure:9446: $? = 0
configure:9446: result: yes
configure:9622: checking for objdir
configure:9637: result: .libs
configure:9904: checking if gcc supports -fno-rtti -fno-exceptions
configure:9922: gcc -c -g -O2  -fno-rtti -fno-exceptions conftest.c >&5
cc1: warning: command line option '-fno-rtti' is valid for C++/ObjC++ but not for C [enabled by default]
configure:9926: $? = 0
configure:9939: result: no
configure:10266: checking for gcc option to produce PIC
configure:10273: result: -fPIC -DPIC
configure:10281: checking if gcc PIC flag -fPIC -DPIC works
configure:10299: gcc -c -g -O2  -fPIC -DPIC -DPIC conftest.c >&5
configure:10303: $? = 0
configure:10316: result: yes
configure:10345: checking if gcc static flag -static works
configure:10373: result: no
configure:10388: checking if gcc supports -c -o file.o
configure:10409: gcc -c -g -O2  -o out/conftest2.o conftest.c >&5
configure:10413: $? = 0
configure:10435: result: yes
configure:10443: checking if gcc supports -c -o file.o
configure:10490: result: yes
configure:10523: checking whether the gcc linker (/bin/ld -m elf_x86_64) supports shared libraries
configure:11676: result: yes
configure:11713: checking whether -lc should be explicitly linked in
configure:11721: gcc -c -g -O2  conftest.c >&5
configure:11724: $? = 0
configure:11739: gcc -shared  -fPIC -DPIC conftest.o  -v -Wl,-soname -Wl,conftest -o conftest 2\>\&1 \| /bin/grep  -lc  \>/dev/null 2\>\&1
configure:11742: $? = 0
configure:11756: result: no
configure:11916: checking dynamic linker characteristics
configure:12427: gcc -o conftest -g -O2   -Wl,-rpath -Wl,/foo conftest.c  >&5
configure:12427: $? = 0
configure:12653: result: GNU/Linux ld.so
configure:12760: checking how to hardcode library paths into programs
configure:12785: result: immediate
configure:13325: checking whether stripping libraries is possible
configure:13330: result: yes
configure:13365: checking if libtool supports shared libraries
configure:13367: result: yes
configure:13370: checking whether to build shared libraries
configure:13391: result: yes
configure:13394: checking whether to build static libraries
configure:13398: result: no
configure:13473: checking for a Python interpreter with version >= 2.6
configure:13490: python -c import sys # split strings by '.' and convert to numeric. Append some zeros # because we need at least 4 digits for the hex conversion. # map returns an iterator in Python 3.0 and a list in 2.x minver = list(map(int, '2.6'.split('.'))) + [0, 0, 0] minverhex = 0 # xrange is not present in Python 3.0 and range returns an iterator for i in list(range(0, 4)): minverhex = (minverhex << 8) + minver[i] sys.exit(sys.hexversion < minverhex)
configure:13493: $? = 0
configure:13499: result: python
configure:13507: checking for python
configure:13525: found /bin/python
configure:13537: result: /bin/python
configure:13555: checking for python version
configure:13562: result: 2.7
configure:13574: checking for python platform
configure:13581: result: linux2
configure:13588: checking for python script directory
configure:13616: result: ${prefix}/lib/python2.7/site-packages
configure:13625: checking for python extension module directory
configure:13653: result: ${exec_prefix}/lib64/python2.7/site-packages
configure:13670: checking for headers required to compile python extensions
configure:13685: gcc -E  -I/usr/include/python2.7 conftest.c
configure:13685: $? = 0
configure:13686: result: found
configure:13702: checking for python module gettext
configure:13728: result: yes
configure:13738: checking for python module getopt
configure:13764: result: yes
configure:13774: checking for python module Xlib
configure:13800: result: yes
configure:13810: checking for python module pyatspi
configure:13836: result: yes
configure:13846: checking for python module cv
configure:13872: result: yes
configure:14156: checking that generated files are newer than configure
configure:14162: result: done
configure:14213: creating ./config.status

## ---------------------- ##
## Running config.status. ##
## ---------------------- ##

This file was extended by config.status, which was
generated by GNU Autoconf 2.69.  Invocation command line was

  CONFIG_FILES    = 
  CONFIG_HEADERS  = 
  CONFIG_LINKS    = 
  CONFIG_COMMANDS = 
  $ ./config.status 

on localhost.localdomain

config.status:1209: creating run_pylint.sh
config.status:1209: creating Makefile
config.status:1209: creating mousetrap.desktop
config.status:1209: creating po/Makefile.in
config.status:1209: creating docs/Makefile
config.status:1209: creating docs/man/Makefile
config.status:1209: creating docs/pydoc/Makefile
config.status:1209: creating docs/docbook/Makefile
config.status:1209: creating docs/doxygen/Makefile
config.status:1209: creating docs/doxygen/Doxyfile
config.status:1209: creating images/Makefile
config.status:1209: creating src/Makefile
config.status:1209: creating src/mousetrap/Makefile
config.status:1209: creating src/mousetrap/app/Makefile
config.status:1209: creating src/mousetrap/app/mousetrap
config.status:1209: creating src/mousetrap/app/environment.py
config.status:1209: creating src/mousetrap/app/lib/Makefile
config.status:1209: creating src/mousetrap/app/ui/Makefile
config.status:1209: creating src/mousetrap/app/ui/i18n.py
config.status:1209: creating src/mousetrap/app/ui/scripts/Makefile
config.status:1209: creating src/mousetrap/app/addons/Makefile
config.status:1209: creating src/mousetrap/ocvfw/Makefile
config.status:1209: creating src/mousetrap/ocvfw/dev/Makefile
config.status:1209: creating src/mousetrap/ocvfw/idm/Makefile
config.status:1209: creating src/mousetrap/ocvfw/haars/Makefile
config.status:1209: creating config.h
config.status:1438: executing depfiles commands
config.status:1438: executing default-1 commands
config.status:1438: executing libtool commands
config.status:1438: executing default commands
config.status:1438: executing po/stamp-it commands

## ---------------- ##
## Cache variables. ##
## ---------------- ##

ac_cv_build=x86_64-unknown-linux-gnu
ac_cv_c_compiler_gnu=yes
ac_cv_env_CC_set=
ac_cv_env_CC_value=
ac_cv_env_CFLAGS_set=
ac_cv_env_CFLAGS_value=
ac_cv_env_CPPFLAGS_set=
ac_cv_env_CPPFLAGS_value=
ac_cv_env_CPP_set=
ac_cv_env_CPP_value=
ac_cv_env_LDFLAGS_set=
ac_cv_env_LDFLAGS_value=
ac_cv_env_LIBS_set=
ac_cv_env_LIBS_value=
ac_cv_env_PYTHON_set=
ac_cv_env_PYTHON_value=
ac_cv_env_build_alias_set=
ac_cv_env_build_alias_value=
ac_cv_env_host_alias_set=
ac_cv_env_host_alias_value=
ac_cv_env_target_alias_set=
ac_cv_env_target_alias_value=
ac_cv_func_bind_textdomain_codeset=yes
ac_cv_func_dcgettext=yes
ac_cv_header_dlfcn_h=yes
ac_cv_header_inttypes_h=yes
ac_cv_header_libintl_h=yes
ac_cv_header_locale_h=yes
ac_cv_header_memory_h=yes
ac_cv_header_stdc=yes
ac_cv_header_stdint_h=yes
ac_cv_header_stdlib_h=yes
ac_cv_header_string_h=yes
ac_cv_header_strings_h=yes
ac_cv_header_sys_stat_h=yes
ac_cv_header_sys_types_h=yes
ac_cv_header_unistd_h=yes
ac_cv_host=x86_64-unknown-linux-gnu
ac_cv_objext=o
ac_cv_path_EGREP='/bin/grep -E'
ac_cv_path_FGREP='/bin/grep -F'
ac_cv_path_GMSGFMT=/bin/msgfmt
ac_cv_path_GREP=/bin/grep
ac_cv_path_INTLTOOL_EXTRACT=/bin/intltool-extract
ac_cv_path_INTLTOOL_MERGE=/bin/intltool-merge
ac_cv_path_INTLTOOL_PERL=/bin/perl
ac_cv_path_INTLTOOL_UPDATE=/bin/intltool-update
ac_cv_path_MSGFMT=/bin/msgfmt
ac_cv_path_MSGMERGE=/bin/msgmerge
ac_cv_path_PYTHON=/bin/python
ac_cv_path_SED=/bin/sed
ac_cv_path_XGETTEXT=/bin/xgettext
ac_cv_path_install='/bin/install -c'
ac_cv_path_mkdir=/bin/mkdir
ac_cv_prog_AWK=gawk
ac_cv_prog_CPP='gcc -E'
ac_cv_prog_ac_ct_AR=ar
ac_cv_prog_ac_ct_CC=gcc
ac_cv_prog_ac_ct_OBJDUMP=objdump
ac_cv_prog_ac_ct_RANLIB=ranlib
ac_cv_prog_ac_ct_STRIP=strip
ac_cv_prog_cc_c89=
ac_cv_prog_cc_g=yes
ac_cv_prog_make_make_set=yes
ac_cv_search_strerror='none required'
am_cv_CC_dependencies_compiler_type=none
am_cv_pathless_PYTHON=python
am_cv_python_platform=linux2
am_cv_python_pyexecdir='${exec_prefix}/lib64/python2.7/site-packages'
am_cv_python_pythondir='${prefix}/lib/python2.7/site-packages'
am_cv_python_version=2.7
am_cv_val_LC_MESSAGES=yes
gt_cv_func_dgettext_libc=yes
gt_cv_func_dgettext_libintl=no
gt_cv_func_ngettext_libc=yes
gt_cv_have_gettext=yes
lt_cv_ar_at_file=@
lt_cv_archive_cmds_need_lc=no
lt_cv_deplibs_check_method=pass_all
lt_cv_file_magic_cmd='$MAGIC_CMD'
lt_cv_file_magic_test_file=
lt_cv_ld_reload_flag=-r
lt_cv_nm_interface='BSD nm'
lt_cv_objdir=.libs
lt_cv_path_LD=/bin/ld
lt_cv_path_NM='/bin/nm -B'
lt_cv_path_mainfest_tool=no
lt_cv_prog_compiler_c_o=yes
lt_cv_prog_compiler_pic='-fPIC -DPIC'
lt_cv_prog_compiler_pic_works=yes
lt_cv_prog_compiler_rtti_exceptions=no
lt_cv_prog_compiler_static_works=no
lt_cv_prog_gnu_ld=yes
lt_cv_sharedlib_from_linklib_cmd='printf %s\n'
lt_cv_shlibpath_overrides_runpath=no
lt_cv_sys_global_symbol_pipe='sed -n -e '\''s/^.*[	 ]\([ABCDGIRSTW][ABCDGIRSTW]*\)[	 ][	 ]*\([_A-Za-z][_A-Za-z0-9]*\)$/\1 \2 \2/p'\'' | sed '\''/ __gnu_lto/d'\'''
lt_cv_sys_global_symbol_to_c_name_address='sed -n -e '\''s/^: \([^ ]*\)[ ]*$/  {\"\1\", (void *) 0},/p'\'' -e '\''s/^[ABCDGIRSTW]* \([^ ]*\) \([^ ]*\)$/  {"\2", (void *) \&\2},/p'\'''
lt_cv_sys_global_symbol_to_c_name_address_lib_prefix='sed -n -e '\''s/^: \([^ ]*\)[ ]*$/  {\"\1\", (void *) 0},/p'\'' -e '\''s/^[ABCDGIRSTW]* \([^ ]*\) \(lib[^ ]*\)$/  {"\2", (void *) \&\2},/p'\'' -e '\''s/^[ABCDGIRSTW]* \([^ ]*\) \([^ ]*\)$/  {"lib\2", (void *) \&\2},/p'\'''
lt_cv_sys_global_symbol_to_cdecl='sed -n -e '\''s/^T .* \(.*\)$/extern int \1();/p'\'' -e '\''s/^[ABCDGIRSTW]* .* \(.*\)$/extern char \1;/p'\'''
lt_cv_sys_max_cmd_len=1572864
lt_cv_to_host_file_cmd=func_convert_file_noop
lt_cv_to_tool_file_cmd=func_convert_file_noop
py_cv_mod_Xlib_=yes
py_cv_mod_cv_=yes
py_cv_mod_getopt_=yes
py_cv_mod_gettext_=yes
py_cv_mod_pyatspi_=yes

## ----------------- ##
## Output variables. ##
## ----------------- ##

ACLOCAL='${SHELL} /home/foss2serve/mousetrap/missing --run aclocal-1.12'
ALL_LINGUAS=''
AMDEPBACKSLASH='\'
AMDEP_FALSE='#'
AMDEP_TRUE=''
AMTAR='$${TAR-tar}'
AM_DEFAULT_VERBOSITY='1'
AR='ar'
AUTOCONF='${SHELL} /home/foss2serve/mousetrap/missing --run autoconf'
AUTOHEADER='${SHELL} /home/foss2serve/mousetrap/missing --run autoheader'
AUTOMAKE='${SHELL} /home/foss2serve/mousetrap/missing --run automake-1.12'
AWK='gawk'
CATALOGS=''
CATOBJEXT='.gmo'
CC='gcc'
CCDEPMODE='depmode=none'
CFLAGS='-g -O2'
CPP='gcc -E'
CPPFLAGS=''
CURRENT_DIR='/home/foss2serve/mousetrap'
CYGPATH_W='echo'
DATADIRNAME='share'
DEFS='-DHAVE_CONFIG_H'
DEPDIR='.deps'
DLLTOOL='false'
DSYMUTIL=''
DUMPBIN=''
ECHO_C=''
ECHO_N='-n'
ECHO_T=''
EGREP='/bin/grep -E'
ENABLE_DOCBOOK_FALSE=''
ENABLE_DOCBOOK_TRUE='#'
ENABLE_DOXYGEN_FALSE=''
ENABLE_DOXYGEN_TRUE='#'
ENABLE_PYDOC_FALSE=''
ENABLE_PYDOC_TRUE='#'
EXEEXT=''
FGREP='/bin/grep -F'
GETTEXT_PACKAGE='mousetrap'
GMOFILES=''
GMSGFMT='/bin/msgfmt'
GREP='/bin/grep'
INSTALL_DATA='${INSTALL} -m 644'
INSTALL_PROGRAM='${INSTALL}'
INSTALL_SCRIPT='${INSTALL}'
INSTALL_STRIP_PROGRAM='$(install_sh) -c -s'
INSTOBJEXT='.mo'
INTLLIBS=''
INTLTOOL_CAVES_RULE='%.caves:     %.caves.in     $(INTLTOOL_MERGE) $(wildcard $(top_srcdir)/po/*.po) ; $(INTLTOOL_V_MERGE)LC_ALL=C $(INTLTOOL_MERGE) $(INTLTOOL_V_MERGE_OPTIONS) -d -u -c $(top_builddir)/po/.intltool-merge-cache $(top_srcdir)/po $< $@'
INTLTOOL_DESKTOP_RULE='%.desktop:   %.desktop.in   $(INTLTOOL_MERGE) $(wildcard $(top_srcdir)/po/*.po) ; $(INTLTOOL_V_MERGE)LC_ALL=C $(INTLTOOL_MERGE) $(INTLTOOL_V_MERGE_OPTIONS) -d -u -c $(top_builddir)/po/.intltool-merge-cache $(top_srcdir)/po $< $@'
INTLTOOL_DIRECTORY_RULE='%.directory: %.directory.in $(INTLTOOL_MERGE) $(wildcard $(top_srcdir)/po/*.po) ; $(INTLTOOL_V_MERGE)LC_ALL=C $(INTLTOOL_MERGE) $(INTLTOOL_V_MERGE_OPTIONS) -d -u -c $(top_builddir)/po/.intltool-merge-cache $(top_srcdir)/po $< $@'
INTLTOOL_EXTRACT='/bin/intltool-extract'
INTLTOOL_KBD_RULE='%.kbd:       %.kbd.in       $(INTLTOOL_MERGE) $(wildcard $(top_srcdir)/po/*.po) ; $(INTLTOOL_V_MERGE)LC_ALL=C $(INTLTOOL_MERGE) $(INTLTOOL_V_MERGE_OPTIONS) -x -u -m -c $(top_builddir)/po/.intltool-merge-cache $(top_srcdir)/po $< $@'
INTLTOOL_KEYS_RULE='%.keys:      %.keys.in      $(INTLTOOL_MERGE) $(wildcard $(top_srcdir)/po/*.po) ; $(INTLTOOL_V_MERGE)LC_ALL=C $(INTLTOOL_MERGE) $(INTLTOOL_V_MERGE_OPTIONS) -k -u -c $(top_builddir)/po/.intltool-merge-cache $(top_srcdir)/po $< $@'
INTLTOOL_MERGE='/bin/intltool-merge'
INTLTOOL_OAF_RULE='%.oaf:       %.oaf.in       $(INTLTOOL_MERGE) $(wildcard $(top_srcdir)/po/*.po) ; $(INTLTOOL_V_MERGE)LC_ALL=C $(INTLTOOL_MERGE) $(INTLTOOL_V_MERGE_OPTIONS) -o -p $(top_srcdir)/po $< $@'
INTLTOOL_PERL='/bin/perl'
INTLTOOL_POLICY_RULE='%.policy:    %.policy.in    $(INTLTOOL_MERGE) $(wildcard $(top_srcdir)/po/*.po) ; $(INTLTOOL_V_MERGE)LC_ALL=C $(INTLTOOL_MERGE) $(INTLTOOL_V_MERGE_OPTIONS) -x -u -c $(top_builddir)/po/.intltool-merge-cache $(top_srcdir)/po $< $@'
INTLTOOL_PONG_RULE='%.pong:      %.pong.in      $(INTLTOOL_MERGE) $(wildcard $(top_srcdir)/po/*.po) ; $(INTLTOOL_V_MERGE)LC_ALL=C $(INTLTOOL_MERGE) $(INTLTOOL_V_MERGE_OPTIONS) -x -u -c $(top_builddir)/po/.intltool-merge-cache $(top_srcdir)/po $< $@'
INTLTOOL_PROP_RULE='%.prop:      %.prop.in      $(INTLTOOL_MERGE) $(wildcard $(top_srcdir)/po/*.po) ; $(INTLTOOL_V_MERGE)LC_ALL=C $(INTLTOOL_MERGE) $(INTLTOOL_V_MERGE_OPTIONS) -d -u -c $(top_builddir)/po/.intltool-merge-cache $(top_srcdir)/po $< $@'
INTLTOOL_SCHEMAS_RULE='%.schemas:   %.schemas.in   $(INTLTOOL_MERGE) $(wildcard $(top_srcdir)/po/*.po) ; $(INTLTOOL_V_MERGE)LC_ALL=C $(INTLTOOL_MERGE) $(INTLTOOL_V_MERGE_OPTIONS) -s -u -c $(top_builddir)/po/.intltool-merge-cache $(top_srcdir)/po $< $@'
INTLTOOL_SERVER_RULE='%.server:    %.server.in    $(INTLTOOL_MERGE) $(wildcard $(top_srcdir)/po/*.po) ; $(INTLTOOL_V_MERGE)LC_ALL=C $(INTLTOOL_MERGE) $(INTLTOOL_V_MERGE_OPTIONS) -o -u -c $(top_builddir)/po/.intltool-merge-cache $(top_srcdir)/po $< $@'
INTLTOOL_SERVICE_RULE='%.service: %.service.in   $(INTLTOOL_MERGE) $(wildcard $(top_srcdir)/po/*.po) ; $(INTLTOOL_V_MERGE)LC_ALL=C $(INTLTOOL_MERGE) $(INTLTOOL_V_MERGE_OPTIONS) -d -u -c $(top_builddir)/po/.intltool-merge-cache $(top_srcdir)/po $< $@'
INTLTOOL_SHEET_RULE='%.sheet:     %.sheet.in     $(INTLTOOL_MERGE) $(wildcard $(top_srcdir)/po/*.po) ; $(INTLTOOL_V_MERGE)LC_ALL=C $(INTLTOOL_MERGE) $(INTLTOOL_V_MERGE_OPTIONS) -x -u -c $(top_builddir)/po/.intltool-merge-cache $(top_srcdir)/po $< $@'
INTLTOOL_SOUNDLIST_RULE='%.soundlist: %.soundlist.in $(INTLTOOL_MERGE) $(wildcard $(top_srcdir)/po/*.po) ; $(INTLTOOL_V_MERGE)LC_ALL=C $(INTLTOOL_MERGE) $(INTLTOOL_V_MERGE_OPTIONS) -d -u -c $(top_builddir)/po/.intltool-merge-cache $(top_srcdir)/po $< $@'
INTLTOOL_THEME_RULE='%.theme:     %.theme.in     $(INTLTOOL_MERGE) $(wildcard $(top_srcdir)/po/*.po) ; $(INTLTOOL_V_MERGE)LC_ALL=C $(INTLTOOL_MERGE) $(INTLTOOL_V_MERGE_OPTIONS) -d -u -c $(top_builddir)/po/.intltool-merge-cache $(top_srcdir)/po $< $@'
INTLTOOL_UI_RULE='%.ui:        %.ui.in        $(INTLTOOL_MERGE) $(wildcard $(top_srcdir)/po/*.po) ; $(INTLTOOL_V_MERGE)LC_ALL=C $(INTLTOOL_MERGE) $(INTLTOOL_V_MERGE_OPTIONS) -x -u -c $(top_builddir)/po/.intltool-merge-cache $(top_srcdir)/po $< $@'
INTLTOOL_UPDATE='/bin/intltool-update'
INTLTOOL_V_MERGE='$(INTLTOOL__v_MERGE_$(V))'
INTLTOOL_V_MERGE_OPTIONS='$(intltool__v_merge_options_$(V))'
INTLTOOL_XAM_RULE='%.xam:       %.xml.in       $(INTLTOOL_MERGE) $(wildcard $(top_srcdir)/po/*.po) ; $(INTLTOOL_V_MERGE)LC_ALL=C $(INTLTOOL_MERGE) $(INTLTOOL_V_MERGE_OPTIONS) -x -u -c $(top_builddir)/po/.intltool-merge-cache $(top_srcdir)/po $< $@'
INTLTOOL_XML_NOMERGE_RULE='%.xml:       %.xml.in       $(INTLTOOL_MERGE) ; $(INTLTOOL_V_MERGE)LC_ALL=C $(INTLTOOL_MERGE) $(INTLTOOL_V_MERGE_OPTIONS) -x -u --no-translations $< $@'
INTLTOOL_XML_RULE='%.xml:       %.xml.in       $(INTLTOOL_MERGE) $(wildcard $(top_srcdir)/po/*.po) ; $(INTLTOOL_V_MERGE)LC_ALL=C $(INTLTOOL_MERGE) $(INTLTOOL_V_MERGE_OPTIONS) -x -u -c $(top_builddir)/po/.intltool-merge-cache $(top_srcdir)/po $< $@'
INTLTOOL__v_MERGE_0='@echo "  ITMRG " $@;'
INTLTOOL__v_MERGE_='$(INTLTOOL__v_MERGE_$(AM_DEFAULT_VERBOSITY))'
LD='/bin/ld -m elf_x86_64'
LDFLAGS=''
LIBOBJS=''
LIBS=''
LIBTOOL='$(SHELL) $(top_builddir)/libtool'
LIPO=''
LN_S='ln -s'
LTLIBOBJS=''
LT_AGE='0'
LT_CURRENT='0'
LT_RELEASE=''
LT_REVISION='0'
LT_VERSION_INFO='-version-info ${LT_CURRENT}:${LT_REVISION}:${LT_AGE}'
MAINT=''
MAINTAINER_MODE_FALSE='#'
MAINTAINER_MODE_TRUE=''
MAKEINFO='${SHELL} /home/foss2serve/mousetrap/missing --run makeinfo'
MANIFEST_TOOL=':'
MKDIR_P='/bin/mkdir -p'
MKINSTALLDIRS='./mkinstalldirs'
MOUSETRAP_VERSION='0.4'
MSGFMT='/bin/msgfmt'
MSGFMT_OPTS='-c'
MSGMERGE='/bin/msgmerge'
NM='/bin/nm -B'
NMEDIT=''
OBJDUMP='objdump'
OBJEXT='o'
OTOOL64=''
OTOOL=''
PACKAGE='mousetrap'
PACKAGE_BUGREPORT=''
PACKAGE_NAME=''
PACKAGE_STRING=''
PACKAGE_TARNAME=''
PACKAGE_URL=''
PACKAGE_VERSION=''
PATH_SEPARATOR=':'
POFILES=''
POSUB='po'
PO_IN_DATADIR_FALSE=''
PO_IN_DATADIR_TRUE=''
PYTHON='/bin/python'
PYTHON_EXEC_PREFIX='${exec_prefix}'
PYTHON_INCLUDES='-I/usr/include/python2.7'
PYTHON_PLATFORM='linux2'
PYTHON_PREFIX='${prefix}'
PYTHON_VERSION='2.7'
RANLIB='ranlib'
SED='/bin/sed'
SET_MAKE=''
SHELL='/bin/sh'
STRIP='strip'
USE_NLS='yes'
VERSION='0.4'
WITH_LOUIS_FALSE=''
WITH_LOUIS_TRUE='#'
XGETTEXT='/bin/xgettext'
ac_ct_AR='ar'
ac_ct_CC='gcc'
ac_ct_DUMPBIN=''
am__EXEEXT_FALSE=''
am__EXEEXT_TRUE='#'
am__fastdepCC_FALSE=''
am__fastdepCC_TRUE='#'
am__include='include'
am__isrc=''
am__leading_dot='.'
am__nodep='_no'
am__quote=''
am__tar='$${TAR-tar} chof - "$$tardir"'
am__untar='$${TAR-tar} xf -'
bindir='${exec_prefix}/bin'
build='x86_64-unknown-linux-gnu'
build_alias=''
build_cpu='x86_64'
build_os='linux-gnu'
build_vendor='unknown'
datadir='${datarootdir}'
datarootdir='${prefix}/share'
docdir='${datarootdir}/doc/${PACKAGE}'
dvidir='${docdir}'
exec_prefix='${prefix}'
host='x86_64-unknown-linux-gnu'
host_alias=''
host_cpu='x86_64'
host_os='linux-gnu'
host_vendor='unknown'
htmldir='${docdir}'
includedir='${prefix}/include'
infodir='${datarootdir}/info'
install_sh='${SHELL} /home/foss2serve/mousetrap/install-sh'
intltool__v_merge_options_0='-q'
intltool__v_merge_options_='$(intltool__v_merge_options_$(AM_DEFAULT_VERBOSITY))'
libdir='${exec_prefix}/lib'
libexecdir='${exec_prefix}/libexec'
localedir='${datarootdir}/locale'
localstatedir='${prefix}/var'
mandir='${datarootdir}/man'
mkdir_p='$(MKDIR_P)'
mousetrap_CFLAGS=''
mousetrap_LIBS=''
oldincludedir='/usr/include'
pdfdir='${docdir}'
pkgpyexecdir='${pyexecdir}/mousetrap'
pkgpythondir='${pythondir}/mousetrap'
prefix='/usr/local'
program_transform_name='s,x,x,'
psdir='${docdir}'
pyexecdir='${exec_prefix}/lib64/python2.7/site-packages'
pythondir='${prefix}/lib/python2.7/site-packages'
sbindir='${exec_prefix}/sbin'
sharedstatedir='${prefix}/com'
sysconfdir='${prefix}/etc'
target_alias=''

## ----------- ##
## confdefs.h. ##
## ----------- ##

/* confdefs.h */
#define PACKAGE_NAME ""
#define PACKAGE_TARNAME ""
#define PACKAGE_VERSION ""
#define PACKAGE_STRING ""
#define PACKAGE_BUGREPORT ""
#define PACKAGE_URL ""
#define PACKAGE "mousetrap"
#define VERSION "0.4"
#define GETTEXT_PACKAGE "mousetrap"
#define STDC_HEADERS 1
#define HAVE_SYS_TYPES_H 1
#define HAVE_SYS_STAT_H 1
#define HAVE_STDLIB_H 1
#define HAVE_STRING_H 1
#define HAVE_MEMORY_H 1
#define HAVE_STRINGS_H 1
#define HAVE_INTTYPES_H 1
#define HAVE_STDINT_H 1
#define HAVE_UNISTD_H 1
#define HAVE_LOCALE_H 1
#define HAVE_LC_MESSAGES 1
#define HAVE_BIND_TEXTDOMAIN_CODESET 1
#define HAVE_GETTEXT 1
#define HAVE_DCGETTEXT 1
#define ENABLE_NLS 1
#define HAVE_DLFCN_H 1
#define LT_OBJDIR ".libs/"

configure: exit 0
